<?xml version="1.0" encoding="UTF-8"?>
<!-- Generated by org.testng.reporters.JUnitReportReporter -->
<testsuite skipped="0" hostname="yatin" name="com.AppScripts.AppLoginTest" tests="1" failures="0" timestamp="2020-09-05T08:36:12 IST" time="77.928" errors="0">
  <testcase name="verifyLogin" time="77.928" classname="com.AppScripts.AppLoginTest"/>
  <system-out/>
</testsuite> <!-- com.AppScripts.AppLoginTest -->
