<?xml version="1.0" encoding="UTF-8"?>
<!-- Generated by org.testng.reporters.JUnitReportReporter -->
<testsuite skipped="0" hostname="yatin" name="com.AppScripts.signUpFree" tests="1" failures="0" timestamp="2020-09-05T08:36:12 IST" time="0.232" errors="0">
  <testcase name="SignUpFreeAccount" time="0.232" classname="com.AppScripts.signUpFree"/>
  <system-out/>
</testsuite> <!-- com.AppScripts.signUpFree -->
